<?xml version="1.0" encoding="UTF-8"?>
<testng-results ignored="0" total="1" passed="1" failed="0" skipped="0">
  <reporter-output>
  </reporter-output>
  <suite started-at="2018-11-29T04:02:15Z" name="Default suite" finished-at="2018-11-29T04:02:35Z" duration-ms="19507">
    <groups>
    </groups>
    <test started-at="2018-11-29T04:02:15Z" name="Default test" finished-at="2018-11-29T04:02:35Z" duration-ms="19507">
      <class name="karunyatest1.CBTAssign">
        <test-method is-config="true" signature="openbrowser()[pri:0, instance:karunyatest1.CBTAssign@65d09a04]" started-at="2018-11-29T04:02:15Z" name="openbrowser" finished-at="2018-11-29T04:02:34Z" duration-ms="18815" status="PASS">
          <reporter-output>
          </reporter-output>
        </test-method> <!-- openbrowser -->
        <test-method signature="VerifySignInBtnvisibility()[pri:0, instance:karunyatest1.CBTAssign@65d09a04]" started-at="2018-11-29T04:02:34Z" name="VerifySignInBtnvisibility" finished-at="2018-11-29T04:02:34Z" duration-ms="98" status="PASS">
          <reporter-output>
          </reporter-output>
        </test-method> <!-- VerifySignInBtnvisibility -->
        <test-method is-config="true" signature="closeBrowser()[pri:0, instance:karunyatest1.CBTAssign@65d09a04]" started-at="2018-11-29T04:02:34Z" name="closeBrowser" finished-at="2018-11-29T04:02:35Z" duration-ms="550" status="PASS">
          <reporter-output>
          </reporter-output>
        </test-method> <!-- closeBrowser -->
      </class> <!-- karunyatest1.CBTAssign -->
    </test> <!-- Default test -->
  </suite> <!-- Default suite -->
</testng-results>
